[debug] [2022-03-03T04:53:28.171Z] ----------------------------------------------------------------------
[debug] [2022-03-03T04:53:28.175Z] Command:       C:\Program Files\nodejs\node.exe C:\Users\manth\AppData\Roaming\npm\node_modules\firebase-tools\lib\bin\firebase.js init
[debug] [2022-03-03T04:53:28.176Z] CLI Version:   10.2.2
[debug] [2022-03-03T04:53:28.176Z] Platform:      win32
[debug] [2022-03-03T04:53:28.177Z] Node Version:  v16.13.1
[debug] [2022-03-03T04:53:28.179Z] Time:          Thu Mar 03 2022 10:23:28 GMT+0530 (India Standard Time)
[debug] [2022-03-03T04:53:28.179Z] ----------------------------------------------------------------------
[debug] 
[debug] [2022-03-03T04:53:28.185Z] >>> [apiv2][query] GET https://firebase-public.firebaseio.com/cli.json [none]
[debug] [2022-03-03T04:53:28.234Z] > command requires scopes: ["email","openid","https://www.googleapis.com/auth/cloudplatformprojects.readonly","https://www.googleapis.com/auth/firebase","https://www.googleapis.com/auth/cloud-platform"]
[debug] [2022-03-03T04:53:28.235Z] > authorizing via signed-in user (manthan.ank46@gmail.com)
[info] 
     ######## #### ########  ######## ########     ###     ######  ########
     ##        ##  ##     ## ##       ##     ##  ##   ##  ##       ##
     ######    ##  ########  ######   ########  #########  ######  ######
     ##        ##  ##    ##  ##       ##     ## ##     ##       ## ##
     ##       #### ##     ## ######## ########  ##     ##  ######  ########

You're about to initialize a Firebase project in this directory:

  C:\Users\manth\React\netflix-clone

[debug] [2022-03-03T04:53:29.304Z] <<< [apiv2][status] GET https://firebase-public.firebaseio.com/cli.json 200
[debug] [2022-03-03T04:53:29.304Z] <<< [apiv2][body] GET https://firebase-public.firebaseio.com/cli.json {"cloudBuildErrorAfter":1594252800000,"cloudBuildWarnAfter":1590019200000,"defaultNode10After":1594252800000,"minVersion":"3.0.5","node8DeploysDisabledAfter":1613390400000,"node8RuntimeDisabledAfter":1615809600000,"node8WarnAfter":1600128000000}
